<?xml version="1.0" encoding="UTF-8"?>
<!-- Generated by org.testng.reporters.JUnitReportReporter -->
<testsuite skipped="0" hostname="LAPTOP-TLEVL4LQ" name="Select_Flights.Verify_the_Select_Flight_Functionality" tests="1" failures="0" timestamp="09 Jul 2019 19:55:44 GMT" time="74.846" errors="0">
  <testcase name="Velidate_Select_Flidht" time="74.846" classname="Select_Flights.Verify_the_Select_Flight_Functionality"/>
</testsuite> <!-- Select_Flights.Verify_the_Select_Flight_Functionality -->
